This file contains any messages produced by compilers while
running configure, to aid debugging if configure makes a mistake.

It was created by bluez configure 5.64, which was
generated by GNU Autoconf 2.69.  Invocation command line was

  $ ./configure --enable-mesh --enable-testing --enable-tools --prefix=/usr --mandir=/usr/share/man --sysconfdir=/etc --localstatedir=/var

## --------- ##
## Platform. ##
## --------- ##

hostname = d2b9b725-f27f-4ba4-af7d-a5305fcab88a
uname -m = x86_64
uname -r = 5.16.20-051620-generic
uname -s = Linux
uname -v = #202204131933 SMP PREEMPT Wed Apr 13 19:37:36 UTC 2022

/usr/bin/uname -p = x86_64
/bin/uname -X     = unknown

/bin/arch              = x86_64
/usr/bin/arch -k       = unknown
/usr/convex/getsysinfo = unknown
/usr/bin/hostinfo      = unknown
/bin/machine           = unknown
/usr/bin/oslevel       = unknown
/bin/universe          = unknown

PATH: /home/gitpod/.sdkman/candidates/maven/current/bin
PATH: /home/gitpod/.sdkman/candidates/java/current/bin
PATH: /home/gitpod/.sdkman/candidates/gradle/current/bin
PATH: /home/gitpod/.cargo/bin
PATH: /home/gitpod/.rvm/gems/ruby-2.6.3/bin
PATH: /home/gitpod/.rvm/gems/ruby-2.6.3@global/bin
PATH: /home/gitpod/.rvm/rubies/ruby-2.6.3/bin
PATH: /home/gitpod/.pyenv/plugins/pyenv-virtualenv/shims
PATH: /home/gitpod/.pyenv/shims
PATH: /ide/bin/remote-cli
PATH: /home/gitpod/.pyenv/bin
PATH: /home/gitpod/.pyenv/shims
PATH: /home/gitpod/.nvm/versions/node/v10.16.3/bin
PATH: /workspace/go/bin
PATH: /home/gitpod/go/bin
PATH: /home/gitpod/go-packages/bin
PATH: /usr/local/sbin
PATH: /usr/local/bin
PATH: /usr/sbin
PATH: /usr/bin
PATH: /sbin
PATH: /bin
PATH: /home/linuxbrew/.linuxbrew/bin
PATH: /home/linuxbrew/.linuxbrew/sbin/
PATH: /home/gitpod/.rvm/bin
PATH: /home/gitpod/.rvm/bin


## ----------- ##
## Core tests. ##
## ----------- ##

configure:2556: checking for a BSD-compatible install
configure:2624: result: /usr/bin/install -c
configure:2635: checking whether build environment is sane
configure:2690: result: yes
configure:2834: checking for a thread-safe mkdir -p
configure:2873: result: /usr/bin/mkdir -p
configure:2880: checking for gawk
configure:2896: found /usr/bin/gawk
configure:2907: result: gawk
configure:2918: checking whether make sets $(MAKE)
configure:2940: result: yes
configure:2969: checking whether make supports nested variables
configure:2986: result: yes
configure:3065: checking how to create a pax tar archive
configure:3076: tar --version
tar (GNU tar) 1.30
Copyright (C) 2017 Free Software Foundation, Inc.
License GPLv3+: GNU GPL version 3 or later <https://gnu.org/licenses/gpl.html>.
This is free software: you are free to change and redistribute it.
There is NO WARRANTY, to the extent permitted by law.

Written by John Gilmore and Jay Fenlason.
configure:3079: $? = 0
configure:3119: tardir=conftest.dir && eval tar --format=posix -chf - "$tardir" >conftest.tar
configure:3122: $? = 0
configure:3126: tar -xf - <conftest.tar
configure:3129: $? = 0
configure:3131: cat conftest.dir/file
GrepMe
configure:3134: $? = 0
configure:3147: result: gnutar
configure:3211: checking whether make supports nested variables
configure:3228: result: yes
configure:3241: checking whether to enable maintainer-specific portions of Makefiles
configure:3250: result: no
configure:3320: checking for pkg-config
configure:3338: found /usr/bin/pkg-config
configure:3350: result: /usr/bin/pkg-config
configure:3375: checking pkg-config is at least version 0.9.0
configure:3378: result: yes
configure:3418: checking whether make supports the include directive
configure:3433: make -f confmf.GNU && cat confinc.out
this is the am__doit target
configure:3436: $? = 0
configure:3455: result: yes (GNU style)
configure:3525: checking for gcc
configure:3541: found /usr/bin/gcc
configure:3552: result: gcc
configure:3781: checking for C compiler version
configure:3790: gcc --version >&5
gcc (Ubuntu 8.3.0-6ubuntu1) 8.3.0
Copyright (C) 2018 Free Software Foundation, Inc.
This is free software; see the source for copying conditions.  There is NO
warranty; not even for MERCHANTABILITY or FITNESS FOR A PARTICULAR PURPOSE.

configure:3801: $? = 0
configure:3790: gcc -v >&5
Using built-in specs.
COLLECT_GCC=gcc
COLLECT_LTO_WRAPPER=/usr/lib/gcc/x86_64-linux-gnu/8/lto-wrapper
OFFLOAD_TARGET_NAMES=nvptx-none
OFFLOAD_TARGET_DEFAULT=1
Target: x86_64-linux-gnu
Configured with: ../src/configure -v --with-pkgversion='Ubuntu 8.3.0-6ubuntu1' --with-bugurl=file:///usr/share/doc/gcc-8/README.Bugs --enable-languages=c,ada,c++,go,brig,d,fortran,objc,obj-c++ --prefix=/usr --with-gcc-major-version-only --program-suffix=-8 --program-prefix=x86_64-linux-gnu- --enable-shared --enable-linker-build-id --libexecdir=/usr/lib --without-included-gettext --enable-threads=posix --libdir=/usr/lib --enable-nls --enable-bootstrap --enable-clocale=gnu --enable-libstdcxx-debug --enable-libstdcxx-time=yes --with-default-libstdcxx-abi=new --enable-gnu-unique-object --disable-vtable-verify --enable-libmpx --enable-plugin --enable-default-pie --with-system-zlib --with-target-system-zlib --enable-objc-gc=auto --enable-multiarch --disable-werror --with-arch-32=i686 --with-abi=m64 --with-multilib-list=m32,m64,mx32 --enable-multilib --with-tune=generic --enable-offload-targets=nvptx-none --without-cuda-driver --enable-checking=release --build=x86_64-linux-gnu --host=x86_64-linux-gnu --target=x86_64-linux-gnu
Thread model: posix
gcc version 8.3.0 (Ubuntu 8.3.0-6ubuntu1) 
configure:3801: $? = 0
configure:3790: gcc -V >&5
gcc: error: unrecognized command line option '-V'
gcc: fatal error: no input files
compilation terminated.
configure:3801: $? = 1
configure:3790: gcc -qversion >&5
gcc: error: unrecognized command line option '-qversion'; did you mean '--version'?
gcc: fatal error: no input files
compilation terminated.
configure:3801: $? = 1
configure:3821: checking whether the C compiler works
configure:3843: gcc    conftest.c  >&5
configure:3847: $? = 0
configure:3895: result: yes
configure:3898: checking for C compiler default output file name
configure:3900: result: a.out
configure:3906: checking for suffix of executables
configure:3913: gcc -o conftest    conftest.c  >&5
configure:3917: $? = 0
configure:3939: result: 
configure:3961: checking whether we are cross compiling
configure:3969: gcc -o conftest    conftest.c  >&5
configure:3973: $? = 0
configure:3980: ./conftest
configure:3984: $? = 0
configure:3972: result: no
configure:3977: checking for suffix of object files
configure:3999: gcc -c   conftest.c >&5
configure:4003: $? = 0
configure:4024: result: o
configure:4028: checking whether we are using the GNU C compiler
configure:4047: gcc -c   conftest.c >&5
configure:4047: $? = 0
configure:4056: result: yes
configure:4065: checking whether gcc accepts -g
configure:4085: gcc -c -g  conftest.c >&5
configure:4085: $? = 0
configure:4126: result: yes
configure:4143: checking for gcc option to accept ISO C89
configure:4206: gcc  -c -g -O2  conftest.c >&5
configure:4206: $? = 0
configure:4219: result: none needed
configure:4244: checking whether gcc understands -c and -o together
configure:4266: gcc -c conftest.c -o conftest2.o
configure:4269: $? = 0
configure:4266: gcc -c conftest.c -o conftest2.o
configure:4269: $? = 0
configure:4281: result: yes
configure:4300: checking dependency style of gcc
configure:4411: result: gcc3
configure:4427: checking for C/C++ restrict keyword
configure:4452: gcc -c -g -O2  conftest.c >&5
configure:4452: $? = 0
configure:4460: result: __restrict
configure:4522: checking for gcc
configure:4549: result: gcc
configure:4778: checking for C compiler version
configure:4787: gcc --version >&5
gcc (Ubuntu 8.3.0-6ubuntu1) 8.3.0
Copyright (C) 2018 Free Software Foundation, Inc.
This is free software; see the source for copying conditions.  There is NO
warranty; not even for MERCHANTABILITY or FITNESS FOR A PARTICULAR PURPOSE.

configure:4798: $? = 0
configure:4787: gcc -v >&5
Using built-in specs.
COLLECT_GCC=gcc
COLLECT_LTO_WRAPPER=/usr/lib/gcc/x86_64-linux-gnu/8/lto-wrapper
OFFLOAD_TARGET_NAMES=nvptx-none
OFFLOAD_TARGET_DEFAULT=1
Target: x86_64-linux-gnu
Configured with: ../src/configure -v --with-pkgversion='Ubuntu 8.3.0-6ubuntu1' --with-bugurl=file:///usr/share/doc/gcc-8/README.Bugs --enable-languages=c,ada,c++,go,brig,d,fortran,objc,obj-c++ --prefix=/usr --with-gcc-major-version-only --program-suffix=-8 --program-prefix=x86_64-linux-gnu- --enable-shared --enable-linker-build-id --libexecdir=/usr/lib --without-included-gettext --enable-threads=posix --libdir=/usr/lib --enable-nls --enable-bootstrap --enable-clocale=gnu --enable-libstdcxx-debug --enable-libstdcxx-time=yes --with-default-libstdcxx-abi=new --enable-gnu-unique-object --disable-vtable-verify --enable-libmpx --enable-plugin --enable-default-pie --with-system-zlib --with-target-system-zlib --enable-objc-gc=auto --enable-multiarch --disable-werror --with-arch-32=i686 --with-abi=m64 --with-multilib-list=m32,m64,mx32 --enable-multilib --with-tune=generic --enable-offload-targets=nvptx-none --without-cuda-driver --enable-checking=release --build=x86_64-linux-gnu --host=x86_64-linux-gnu --target=x86_64-linux-gnu
Thread model: posix
gcc version 8.3.0 (Ubuntu 8.3.0-6ubuntu1) 
configure:4798: $? = 0
configure:4787: gcc -V >&5
gcc: error: unrecognized command line option '-V'
gcc: fatal error: no input files
compilation terminated.
configure:4798: $? = 1
configure:4787: gcc -qversion >&5
gcc: error: unrecognized command line option '-qversion'; did you mean '--version'?
gcc: fatal error: no input files
compilation terminated.
configure:4798: $? = 1
configure:4802: checking whether we are using the GNU C compiler
configure:4830: result: yes
configure:4839: checking whether gcc accepts -g
configure:4900: result: yes
configure:4917: checking for gcc option to accept ISO C89
configure:4993: result: none needed
configure:5018: checking whether gcc understands -c and -o together
configure:5055: result: yes
configure:5074: checking dependency style of gcc
configure:5185: result: gcc3
configure:5202: checking whether gcc accepts -fPIE
configure:5217: result: yes
configure:5221: checking whether gcc accepts -fsanitize=address
configure:5236: result: yes
configure:5240: checking whether gcc accepts -fsanitize=leak
configure:5255: result: yes
configure:5259: checking whether gcc accepts -fsanitize=undefined
configure:5274: result: yes
configure:5343: checking build system type
configure:5357: result: x86_64-pc-linux-gnu
configure:5377: checking host system type
configure:5390: result: x86_64-pc-linux-gnu
configure:5431: checking how to print strings
configure:5458: result: printf
configure:5479: checking for a sed that does not truncate output
configure:5543: result: /usr/bin/sed
configure:5561: checking for grep that handles long lines and -e
configure:5619: result: /usr/bin/grep
configure:5624: checking for egrep
configure:5686: result: /usr/bin/grep -E
configure:5691: checking for fgrep
configure:5753: result: /usr/bin/grep -F
configure:5788: checking for ld used by gcc
configure:5855: result: /usr/bin/ld
configure:5862: checking if the linker (/usr/bin/ld) is GNU ld
configure:5877: result: yes
configure:5889: checking for BSD- or MS-compatible name lister (nm)
configure:5943: result: /usr/bin/nm -B
configure:6073: checking the name lister (/usr/bin/nm -B) interface
configure:6080: gcc -c -g -O2  conftest.c >&5
configure:6083: /usr/bin/nm -B "conftest.o"
configure:6086: output
0000000000000000 B some_variable
configure:6087: result: BSD nm
configure:6090: checking whether ln -s works
configure:6094: result: yes
configure:6102: checking the maximum length of command line arguments
configure:6233: result: 1572864
configure:6281: checking how to convert x86_64-pc-linux-gnu file names to x86_64-pc-linux-gnu format
configure:6321: result: func_convert_file_noop
configure:6328: checking how to convert x86_64-pc-linux-gnu file names to toolchain format
configure:6348: result: func_convert_file_noop
configure:6355: checking for /usr/bin/ld option to reload object files
configure:6362: result: -r
configure:6436: checking for objdump
configure:6452: found /usr/bin/objdump
configure:6463: result: objdump
configure:6495: checking how to recognize dependent libraries
configure:6695: result: pass_all
configure:6780: checking for dlltool
configure:6810: result: no
configure:6840: checking how to associate runtime and link libraries
configure:6867: result: printf %s\n
configure:6927: checking for ar
configure:6943: found /usr/bin/ar
configure:6954: result: ar
configure:6991: checking for archiver @FILE support
configure:7008: gcc -c -g -O2  conftest.c >&5
configure:7008: $? = 0
configure:7011: ar cr libconftest.a @conftest.lst >&5
configure:7014: $? = 0
configure:7019: ar cr libconftest.a @conftest.lst >&5
ar: conftest.o: No such file or directory
configure:7022: $? = 1
configure:7021: result: @
configure:7079: checking for strip
configure:7095: found /usr/bin/strip
configure:7106: result: strip
configure:7178: checking for ranlib
configure:7194: found /usr/bin/ranlib
configure:7205: result: ranlib
configure:7307: checking command to parse /usr/bin/nm -B output from gcc object
configure:7460: gcc -c -g -O2  conftest.c >&5
configure:7463: $? = 0
configure:7467: /usr/bin/nm -B conftest.o | sed -n -e 's/^.*[	 ]\([ABCDGIRSTW][ABCDGIRSTW]*\)[	 ][	 ]*\([_A-Za-z][_A-Za-z0-9]*\)$/\1 \2 \2/p' | sed '/ __gnu_lto/d' > conftest.nm
configure:7533: gcc -o conftest -g -O2   conftest.c conftstm.o >&5
configure:7536: $? = 0
configure:7574: result: ok
configure:7621: checking for sysroot
configure:7651: result: no
configure:7658: checking for a working dd
configure:7696: result: /usr/bin/dd
configure:7700: checking how to truncate binary pipes
configure:7715: result: /usr/bin/dd bs=4096 count=1
configure:7851: gcc -c -g -O2  conftest.c >&5
configure:7854: $? = 0
configure:8044: checking for mt
configure:8074: result: no
configure:8094: checking if : is a manifest tool
configure:8100: : '-?'
configure:8108: result: no
configure:8785: checking how to run the C preprocessor
configure:8816: gcc -E  conftest.c
configure:8816: $? = 0
configure:8830: gcc -E  conftest.c
conftest.c:12:10: fatal error: ac_nonexistent.h: No such file or directory
 #include <ac_nonexistent.h>
          ^~~~~~~~~~~~~~~~~~
compilation terminated.
configure:8830: $? = 1
configure: failed program was:
| /* confdefs.h */
| #define PACKAGE_NAME "bluez"
| #define PACKAGE_TARNAME "bluez"
| #define PACKAGE_VERSION "5.64"
| #define PACKAGE_STRING "bluez 5.64"
| #define PACKAGE_BUGREPORT ""
| #define PACKAGE_URL ""
| #define PACKAGE "bluez"
| #define VERSION "5.64"
| #define restrict __restrict
| /* end confdefs.h.  */
| #include <ac_nonexistent.h>
configure:8855: result: gcc -E
configure:8875: gcc -E  conftest.c
configure:8875: $? = 0
configure:8889: gcc -E  conftest.c
conftest.c:12:10: fatal error: ac_nonexistent.h: No such file or directory
 #include <ac_nonexistent.h>
          ^~~~~~~~~~~~~~~~~~
compilation terminated.
configure:8889: $? = 1
configure: failed program was:
| /* confdefs.h */
| #define PACKAGE_NAME "bluez"
| #define PACKAGE_TARNAME "bluez"
| #define PACKAGE_VERSION "5.64"
| #define PACKAGE_STRING "bluez 5.64"
| #define PACKAGE_BUGREPORT ""
| #define PACKAGE_URL ""
| #define PACKAGE "bluez"
| #define VERSION "5.64"
| #define restrict __restrict
| /* end confdefs.h.  */
| #include <ac_nonexistent.h>
configure:8918: checking for ANSI C header files
configure:8938: gcc -c -g -O2  conftest.c >&5
configure:8938: $? = 0
configure:9011: gcc -o conftest -g -O2   conftest.c  >&5
configure:9011: $? = 0
configure:9011: ./conftest
configure:9011: $? = 0
configure:9022: result: yes
configure:9035: checking for sys/types.h
configure:9035: gcc -c -g -O2  conftest.c >&5
configure:9035: $? = 0
configure:9035: result: yes
configure:9035: checking for sys/stat.h
configure:9035: gcc -c -g -O2  conftest.c >&5
configure:9035: $? = 0
configure:9035: result: yes
configure:9035: checking for stdlib.h
configure:9035: gcc -c -g -O2  conftest.c >&5
configure:9035: $? = 0
configure:9035: result: yes
configure:9035: checking for string.h
configure:9035: gcc -c -g -O2  conftest.c >&5
configure:9035: $? = 0
configure:9035: result: yes
configure:9035: checking for memory.h
configure:9035: gcc -c -g -O2  conftest.c >&5
configure:9035: $? = 0
configure:9035: result: yes
configure:9035: checking for strings.h
configure:9035: gcc -c -g -O2  conftest.c >&5
configure:9035: $? = 0
configure:9035: result: yes
configure:9035: checking for inttypes.h
configure:9035: gcc -c -g -O2  conftest.c >&5
configure:9035: $? = 0
configure:9035: result: yes
configure:9035: checking for stdint.h
configure:9035: gcc -c -g -O2  conftest.c >&5
configure:9035: $? = 0
configure:9035: result: yes
configure:9035: checking for unistd.h
configure:9035: gcc -c -g -O2  conftest.c >&5
configure:9035: $? = 0
configure:9035: result: yes
configure:9049: checking for dlfcn.h
configure:9049: gcc -c -g -O2  conftest.c >&5
configure:9049: $? = 0
configure:9049: result: yes
configure:9275: checking for objdir
configure:9290: result: .libs
configure:9550: checking if gcc supports -fno-rtti -fno-exceptions
configure:9568: gcc -c -g -O2  -fno-rtti -fno-exceptions conftest.c >&5
cc1: warning: command line option '-fno-rtti' is valid for C++/ObjC++ but not for C
configure:9572: $? = 0
configure:9585: result: no
configure:9949: checking for gcc option to produce PIC
configure:9956: result: -fPIC -DPIC
configure:9964: checking if gcc PIC flag -fPIC -DPIC works
configure:9982: gcc -c -g -O2  -fPIC -DPIC -DPIC conftest.c >&5
configure:9986: $? = 0
configure:9999: result: yes
configure:10028: checking if gcc static flag -static works
configure:10056: result: yes
configure:10071: checking if gcc supports -c -o file.o
configure:10092: gcc -c -g -O2  -o out/conftest2.o conftest.c >&5
configure:10096: $? = 0
configure:10118: result: yes
configure:10126: checking if gcc supports -c -o file.o
configure:10173: result: yes
configure:10206: checking whether the gcc linker (/usr/bin/ld -m elf_x86_64) supports shared libraries
configure:11469: result: yes
configure:11506: checking whether -lc should be explicitly linked in
configure:11514: gcc -c -g -O2  conftest.c >&5
configure:11517: $? = 0
configure:11532: gcc -shared  -fPIC -DPIC conftest.o  -v -Wl,-soname -Wl,conftest -o conftest 2\>\&1 \| /usr/bin/grep  -lc  \>/dev/null 2\>\&1
configure:11535: $? = 0
configure:11549: result: no
configure:11709: checking dynamic linker characteristics
configure:12290: gcc -o conftest -g -O2   -Wl,-rpath -Wl,/foo conftest.c  >&5
configure:12290: $? = 0
configure:12539: result: GNU/Linux ld.so
configure:12661: checking how to hardcode library paths into programs
configure:12686: result: immediate
configure:13234: checking whether stripping libraries is possible
configure:13239: result: yes
configure:13274: checking if libtool supports shared libraries
configure:13276: result: yes
configure:13279: checking whether to build shared libraries
configure:13304: result: yes
configure:13307: checking whether to build static libraries
configure:13311: result: no
configure:10510: checking for explicit_bzero
configure:10510: gcc -o conftest -g -O2   conftest.c  >&5
configure:10510: $? = 0
configure:10510: result: yes
configure:10522: checking for getrandom
configure:10522: gcc -o conftest -g -O2   conftest.c  >&5
configure:10522: $? = 0
configure:10522: result: yes
configure:10534: checking for rawmemchr
configure:10534: gcc -o conftest -g -O2   conftest.c  >&5
configure:10534: $? = 0
configure:10534: result: yes
configure:10544: checking for signalfd
configure:10544: gcc -o conftest -g -O2   conftest.c  >&5
configure:10544: $? = 0
configure:10544: result: yes
configure:10552: checking for clock_gettime in -lrt
configure:10577: gcc -o conftest -g -O2   conftest.c -lrt   >&5
configure:10577: $? = 0
configure:10586: result: yes
configure:10595: checking for pthread_create in -lpthread
configure:10620: gcc -o conftest -g -O2   conftest.c -lpthread   >&5
configure:10620: $? = 0
configure:10629: result: yes
configure:10638: checking for dlopen in -ldl
configure:10663: gcc -o conftest -g -O2   conftest.c -ldl   >&5
configure:10663: $? = 0
configure:10672: result: yes
configure:10684: checking linux/types.h usability
configure:10684: gcc -c -g -O2  conftest.c >&5
configure:10684: $? = 0
configure:10684: result: yes
configure:10684: checking linux/types.h presence
configure:10684: gcc -E  conftest.c
configure:10684: $? = 0
configure:10684: result: yes
configure:10684: checking for linux/types.h
configure:10684: result: yes
configure:10684: checking linux/if_alg.h usability
configure:10684: gcc -c -g -O2  conftest.c >&5
configure:10684: $? = 0
configure:10684: result: yes
configure:10684: checking linux/if_alg.h presence
configure:10684: gcc -E  conftest.c
configure:10684: $? = 0
configure:10684: result: yes
configure:10684: checking for linux/if_alg.h
configure:10684: result: yes
configure:10684: checking linux/uinput.h usability
configure:10684: gcc -c -g -O2  conftest.c >&5
configure:10684: $? = 0
configure:10684: result: yes
configure:10684: checking linux/uinput.h presence
configure:10684: gcc -E  conftest.c
configure:10684: $? = 0
configure:10684: result: yes
configure:10684: checking for linux/uinput.h
configure:10684: result: yes
configure:10684: checking linux/uhid.h usability
configure:10684: gcc -c -g -O2  conftest.c >&5
configure:10684: $? = 0
configure:10684: result: yes
configure:10684: checking linux/uhid.h presence
configure:10684: gcc -E  conftest.c
configure:10684: $? = 0
configure:10684: result: yes
configure:10684: checking for linux/uhid.h
configure:10684: result: yes
configure:10684: checking sys/random.h usability
configure:10684: gcc -c -g -O2  conftest.c >&5
configure:10684: $? = 0
configure:10684: result: yes
configure:10684: checking sys/random.h presence
configure:10684: gcc -E  conftest.c
configure:10684: $? = 0
configure:10684: result: yes
configure:10684: checking for sys/random.h
configure:10684: result: yes
configure:10697: checking for glib-2.0 >= 2.28
configure:10704: $PKG_CONFIG --exists --print-errors "glib-2.0 >= 2.28"
configure:10707: $? = 0
configure:10721: $PKG_CONFIG --exists --print-errors "glib-2.0 >= 2.28"
configure:10724: $? = 0
configure:10762: result: yes
configure:10850: checking for dbus-1 >= 1.6
configure:10857: $PKG_CONFIG --exists --print-errors "dbus-1 >= 1.6"
Package dbus-1 was not found in the pkg-config search path.
Perhaps you should add the directory containing `dbus-1.pc'
to the PKG_CONFIG_PATH environment variable
No package 'dbus-1' found
configure:10860: $? = 1
configure:10874: $PKG_CONFIG --exists --print-errors "dbus-1 >= 1.6"
Package dbus-1 was not found in the pkg-config search path.
Perhaps you should add the directory containing `dbus-1.pc'
to the PKG_CONFIG_PATH environment variable
No package 'dbus-1' found
configure:10877: $? = 1
configure:10891: result: no
No package 'dbus-1' found
configure:10907: error: D-Bus >= 1.6 is required

## ---------------- ##
## Cache variables. ##
## ---------------- ##

ac_cv_build=x86_64-pc-linux-gnu
ac_cv_c_compiler_gnu=yes
ac_cv_c_restrict=__restrict
ac_cv_env_ALSA_CFLAGS_set=
ac_cv_env_ALSA_CFLAGS_value=
ac_cv_env_ALSA_LIBS_set=
ac_cv_env_ALSA_LIBS_value=
ac_cv_env_CC_set=
ac_cv_env_CC_value=
ac_cv_env_CFLAGS_set=
ac_cv_env_CFLAGS_value=
ac_cv_env_CPPFLAGS_set=
ac_cv_env_CPPFLAGS_value=
ac_cv_env_CPP_set=
ac_cv_env_CPP_value=
ac_cv_env_DBUS_CFLAGS_set=
ac_cv_env_DBUS_CFLAGS_value=
ac_cv_env_DBUS_LIBS_set=
ac_cv_env_DBUS_LIBS_value=
ac_cv_env_ELL_CFLAGS_set=
ac_cv_env_ELL_CFLAGS_value=
ac_cv_env_ELL_LIBS_set=
ac_cv_env_ELL_LIBS_value=
ac_cv_env_GLIB_CFLAGS_set=
ac_cv_env_GLIB_CFLAGS_value=
ac_cv_env_GLIB_LIBS_set=
ac_cv_env_GLIB_LIBS_value=
ac_cv_env_GTHREAD_CFLAGS_set=
ac_cv_env_GTHREAD_CFLAGS_value=
ac_cv_env_GTHREAD_LIBS_set=
ac_cv_env_GTHREAD_LIBS_value=
ac_cv_env_ICAL_CFLAGS_set=
ac_cv_env_ICAL_CFLAGS_value=
ac_cv_env_ICAL_LIBS_set=
ac_cv_env_ICAL_LIBS_value=
ac_cv_env_JSONC_CFLAGS_set=
ac_cv_env_JSONC_CFLAGS_value=
ac_cv_env_JSONC_LIBS_set=
ac_cv_env_JSONC_LIBS_value=
ac_cv_env_LDFLAGS_set=
ac_cv_env_LDFLAGS_value=
ac_cv_env_LIBEBOOK_CFLAGS_set=
ac_cv_env_LIBEBOOK_CFLAGS_value=
ac_cv_env_LIBEBOOK_LIBS_set=
ac_cv_env_LIBEBOOK_LIBS_value=
ac_cv_env_LIBEDATESERVER_CFLAGS_set=
ac_cv_env_LIBEDATESERVER_CFLAGS_value=
ac_cv_env_LIBEDATESERVER_LIBS_set=
ac_cv_env_LIBEDATESERVER_LIBS_value=
ac_cv_env_LIBS_set=
ac_cv_env_LIBS_value=
ac_cv_env_LT_SYS_LIBRARY_PATH_set=
ac_cv_env_LT_SYS_LIBRARY_PATH_value=
ac_cv_env_PKG_CONFIG_LIBDIR_set=
ac_cv_env_PKG_CONFIG_LIBDIR_value=
ac_cv_env_PKG_CONFIG_PATH_set=
ac_cv_env_PKG_CONFIG_PATH_value=
ac_cv_env_PKG_CONFIG_set=
ac_cv_env_PKG_CONFIG_value=
ac_cv_env_SBC_CFLAGS_set=
ac_cv_env_SBC_CFLAGS_value=
ac_cv_env_SBC_LIBS_set=
ac_cv_env_SBC_LIBS_value=
ac_cv_env_SPEEXDSP_CFLAGS_set=
ac_cv_env_SPEEXDSP_CFLAGS_value=
ac_cv_env_SPEEXDSP_LIBS_set=
ac_cv_env_SPEEXDSP_LIBS_value=
ac_cv_env_UDEV_CFLAGS_set=
ac_cv_env_UDEV_CFLAGS_value=
ac_cv_env_UDEV_LIBS_set=
ac_cv_env_UDEV_LIBS_value=
ac_cv_env_build_alias_set=
ac_cv_env_build_alias_value=
ac_cv_env_host_alias_set=
ac_cv_env_host_alias_value=
ac_cv_env_target_alias_set=
ac_cv_env_target_alias_value=
ac_cv_func_explicit_bzero=yes
ac_cv_func_getrandom=yes
ac_cv_func_rawmemchr=yes
ac_cv_func_signalfd=yes
ac_cv_header_dlfcn_h=yes
ac_cv_header_inttypes_h=yes
ac_cv_header_linux_if_alg_h=yes
ac_cv_header_linux_types_h=yes
ac_cv_header_linux_uhid_h=yes
ac_cv_header_linux_uinput_h=yes
ac_cv_header_memory_h=yes
ac_cv_header_stdc=yes
ac_cv_header_stdint_h=yes
ac_cv_header_stdlib_h=yes
ac_cv_header_string_h=yes
ac_cv_header_strings_h=yes
ac_cv_header_sys_random_h=yes
ac_cv_header_sys_stat_h=yes
ac_cv_header_sys_types_h=yes
ac_cv_header_unistd_h=yes
ac_cv_host=x86_64-pc-linux-gnu
ac_cv_lib_dl_dlopen=yes
ac_cv_lib_pthread_pthread_create=yes
ac_cv_lib_rt_clock_gettime=yes
ac_cv_objext=o
ac_cv_path_EGREP='/usr/bin/grep -E'
ac_cv_path_FGREP='/usr/bin/grep -F'
ac_cv_path_GREP=/usr/bin/grep
ac_cv_path_SED=/usr/bin/sed
ac_cv_path_ac_pt_PKG_CONFIG=/usr/bin/pkg-config
ac_cv_path_install='/usr/bin/install -c'
ac_cv_path_lt_DD=/usr/bin/dd
ac_cv_path_mkdir=/usr/bin/mkdir
ac_cv_prog_AWK=gawk
ac_cv_prog_CPP='gcc -E'
ac_cv_prog_ac_ct_AR=ar
ac_cv_prog_ac_ct_CC=gcc
ac_cv_prog_ac_ct_OBJDUMP=objdump
ac_cv_prog_ac_ct_RANLIB=ranlib
ac_cv_prog_ac_ct_STRIP=strip
ac_cv_prog_cc_asan=yes
ac_cv_prog_cc_c89=
ac_cv_prog_cc_g=yes
ac_cv_prog_cc_lsan=yes
ac_cv_prog_cc_pie=yes
ac_cv_prog_cc_ubsan=yes
ac_cv_prog_make_make_set=yes
am_cv_CC_dependencies_compiler_type=gcc3
am_cv_make_support_nested_variables=yes
am_cv_prog_cc_c_o=yes
am_cv_prog_tar_pax=gnutar
lt_cv_ar_at_file=@
lt_cv_archive_cmds_need_lc=no
lt_cv_deplibs_check_method=pass_all
lt_cv_file_magic_cmd='$MAGIC_CMD'
lt_cv_file_magic_test_file=
lt_cv_ld_reload_flag=-r
lt_cv_nm_interface='BSD nm'
lt_cv_objdir=.libs
lt_cv_path_LD=/usr/bin/ld
lt_cv_path_NM='/usr/bin/nm -B'
lt_cv_path_mainfest_tool=no
lt_cv_prog_compiler_c_o=yes
lt_cv_prog_compiler_pic='-fPIC -DPIC'
lt_cv_prog_compiler_pic_works=yes
lt_cv_prog_compiler_rtti_exceptions=no
lt_cv_prog_compiler_static_works=yes
lt_cv_prog_gnu_ld=yes
lt_cv_sharedlib_from_linklib_cmd='printf %s\n'
lt_cv_shlibpath_overrides_runpath=yes
lt_cv_sys_global_symbol_pipe='sed -n -e '\''s/^.*[	 ]\([ABCDGIRSTW][ABCDGIRSTW]*\)[	 ][	 ]*\([_A-Za-z][_A-Za-z0-9]*\)$/\1 \2 \2/p'\'' | sed '\''/ __gnu_lto/d'\'''
lt_cv_sys_global_symbol_to_c_name_address='sed -n -e '\''s/^: \(.*\) .*$/  {"\1", (void *) 0},/p'\'' -e '\''s/^[ABCDGIRSTW][ABCDGIRSTW]* .* \(.*\)$/  {"\1", (void *) \&\1},/p'\'''
lt_cv_sys_global_symbol_to_c_name_address_lib_prefix='sed -n -e '\''s/^: \(.*\) .*$/  {"\1", (void *) 0},/p'\'' -e '\''s/^[ABCDGIRSTW][ABCDGIRSTW]* .* \(lib.*\)$/  {"\1", (void *) \&\1},/p'\'' -e '\''s/^[ABCDGIRSTW][ABCDGIRSTW]* .* \(.*\)$/  {"lib\1", (void *) \&\1},/p'\'''
lt_cv_sys_global_symbol_to_cdecl='sed -n -e '\''s/^T .* \(.*\)$/extern int \1();/p'\'' -e '\''s/^[ABCDGIRSTW][ABCDGIRSTW]* .* \(.*\)$/extern char \1;/p'\'''
lt_cv_sys_global_symbol_to_import=
lt_cv_sys_max_cmd_len=1572864
lt_cv_to_host_file_cmd=func_convert_file_noop
lt_cv_to_tool_file_cmd=func_convert_file_noop
lt_cv_truncate_bin='/usr/bin/dd bs=4096 count=1'
pkg_cv_GLIB_CFLAGS='-I/usr/include/glib-2.0 -I/usr/lib/x86_64-linux-gnu/glib-2.0/include'
pkg_cv_GLIB_LIBS=-lglib-2.0

## ----------------- ##
## Output variables. ##
## ----------------- ##

A2DP_FALSE=''
A2DP_TRUE=''
ACLOCAL='${SHELL} '\''/workspace/theia/PowerWheels/bluez-5.64/missing'\'' aclocal-1.16'
ADMIN_FALSE=''
ADMIN_TRUE=''
ALSA_CFLAGS=''
ALSA_LIBS=''
AMDEPBACKSLASH='\'
AMDEP_FALSE='#'
AMDEP_TRUE=''
AMTAR='$${TAR-tar}'
AM_BACKSLASH='\'
AM_DEFAULT_V='$(AM_DEFAULT_VERBOSITY)'
AM_DEFAULT_VERBOSITY='0'
AM_V='$(V)'
ANDROID_FALSE=''
ANDROID_TRUE=''
AR='ar'
ASAN_LIB=''
AUTOCONF='${SHELL} '\''/workspace/theia/PowerWheels/bluez-5.64/missing'\'' autoconf'
AUTOHEADER='${SHELL} '\''/workspace/theia/PowerWheels/bluez-5.64/missing'\'' autoheader'
AUTOMAKE='${SHELL} '\''/workspace/theia/PowerWheels/bluez-5.64/missing'\'' automake-1.16'
AVRCP_FALSE=''
AVRCP_TRUE=''
AWK='gawk'
BACKTRACE_CFLAGS=''
BACKTRACE_LIBS=''
BTPCLIENT_FALSE=''
BTPCLIENT_TRUE=''
CC='gcc'
CCDEPMODE='depmode=gcc3'
CFLAGS='-g -O2'
CLIENT_FALSE=''
CLIENT_TRUE=''
CONFIGDIR=''
COVERAGE_FALSE=''
COVERAGE_TRUE='#'
CPP='gcc -E'
CPPFLAGS=''
CUPS_FALSE=''
CUPS_TRUE=''
CYGPATH_W='echo'
DATAFILES_FALSE=''
DATAFILES_TRUE=''
DBUS_CFLAGS=''
DBUS_CONFDIR=''
DBUS_LIBS=''
DBUS_RUN_SESSION_FALSE=''
DBUS_RUN_SESSION_TRUE='#'
DBUS_SESSIONBUSDIR=''
DBUS_SYSTEMBUSDIR=''
DEFS=''
DEPDIR='.deps'
DEPRECATED_FALSE=''
DEPRECATED_TRUE=''
DLLTOOL='false'
DSYMUTIL=''
DUMPBIN=''
ECHO_C=''
ECHO_N='-n'
ECHO_T=''
EGREP='/usr/bin/grep -E'
ELL_CFLAGS=''
ELL_LIBS=''
EXEEXT=''
EXPERIMENTAL_FALSE=''
EXPERIMENTAL_TRUE=''
EXTERNAL_ELL_FALSE=''
EXTERNAL_ELL_TRUE=''
FGREP='/usr/bin/grep -F'
GLIB_CFLAGS='-I/usr/include/glib-2.0 -I/usr/lib/x86_64-linux-gnu/glib-2.0/include'
GLIB_LIBS='-lglib-2.0'
GREP='/usr/bin/grep'
GTHREAD_CFLAGS=''
GTHREAD_LIBS=''
HEALTH_FALSE=''
HEALTH_TRUE=''
HID2HCI_FALSE=''
HID2HCI_TRUE=''
HID_FALSE=''
HID_TRUE=''
HOG_FALSE=''
HOG_TRUE=''
ICAL_CFLAGS=''
ICAL_LIBS=''
INSTALL_DATA='${INSTALL} -m 644'
INSTALL_PROGRAM='${INSTALL}'
INSTALL_SCRIPT='${INSTALL}'
INSTALL_STRIP_PROGRAM='$(install_sh) -c -s'
JSONC_CFLAGS=''
JSONC_LIBS=''
JSON_CFLAGS=''
JSON_LIBS=''
LD='/usr/bin/ld -m elf_x86_64'
LDFLAGS=''
LIBEBOOK_CFLAGS=''
LIBEBOOK_LIBS=''
LIBEDATESERVER_CFLAGS=''
LIBEDATESERVER_LIBS=''
LIBOBJS=''
LIBRARY_FALSE=''
LIBRARY_TRUE=''
LIBS=''
LIBSHARED_ELL_FALSE=''
LIBSHARED_ELL_TRUE=''
LIBTOOL='$(SHELL) $(top_builddir)/libtool'
LIPO=''
LN_S='ln -s'
LOGGER_FALSE=''
LOGGER_TRUE=''
LTLIBOBJS=''
LT_SYS_LIBRARY_PATH=''
MAINT='#'
MAINTAINER_MODE_FALSE=''
MAINTAINER_MODE_TRUE='#'
MAKEINFO='${SHELL} '\''/workspace/theia/PowerWheels/bluez-5.64/missing'\'' makeinfo'
MANIFEST_TOOL=':'
MANPAGES_FALSE=''
MANPAGES_TRUE=''
MESH_FALSE=''
MESH_STORAGEDIR=''
MESH_TRUE=''
MIDI_FALSE=''
MIDI_TRUE=''
MISC_CFLAGS=''
MISC_LDFLAGS=''
MKDIR_P='/usr/bin/mkdir -p'
MONITOR_FALSE=''
MONITOR_TRUE=''
NETWORK_FALSE=''
NETWORK_TRUE=''
NFC_FALSE=''
NFC_TRUE=''
NM='/usr/bin/nm -B'
NMEDIT=''
OBEX_FALSE=''
OBEX_TRUE=''
OBJDUMP='objdump'
OBJEXT='o'
OTOOL64=''
OTOOL=''
PACKAGE='bluez'
PACKAGE_BUGREPORT=''
PACKAGE_NAME='bluez'
PACKAGE_STRING='bluez 5.64'
PACKAGE_TARNAME='bluez'
PACKAGE_URL=''
PACKAGE_VERSION='5.64'
PATH_SEPARATOR=':'
PKG_CONFIG='/usr/bin/pkg-config'
PKG_CONFIG_LIBDIR=''
PKG_CONFIG_PATH=''
PLUGIN_PHONEBOOK=''
RANLIB='ranlib'
READLINE_FALSE=''
READLINE_TRUE=''
RST2MAN=''
RUN_RST2MAN_FALSE=''
RUN_RST2MAN_TRUE=''
SAP_FALSE=''
SAP_TRUE=''
SBC_CFLAGS=''
SBC_LIBS=''
SED='/usr/bin/sed'
SET_MAKE=''
SHELL='/bin/bash'
SIXAXIS_FALSE=''
SIXAXIS_TRUE=''
SPEEXDSP_CFLAGS=''
SPEEXDSP_LIBS=''
STRIP='strip'
SYSTEMD_FALSE=''
SYSTEMD_SYSTEMUNITDIR=''
SYSTEMD_TRUE=''
SYSTEMD_USERUNITDIR=''
TESTING_FALSE=''
TESTING_TRUE=''
TEST_FALSE=''
TEST_TRUE=''
TOOLS_FALSE=''
TOOLS_TRUE=''
UDEV_CFLAGS=''
UDEV_DIR=''
UDEV_FALSE=''
UDEV_LIBS=''
UDEV_TRUE=''
VALGRIND_FALSE=''
VALGRIND_TRUE='#'
VERSION='5.64'
WARNING_CFLAGS=''
ZSH_COMPLETIONDIR=''
ZSH_COMPLETIONS_FALSE=''
ZSH_COMPLETIONS_TRUE=''
ac_ct_AR='ar'
ac_ct_CC='gcc'
ac_ct_DUMPBIN=''
am__EXEEXT_FALSE=''
am__EXEEXT_TRUE=''
am__fastdepCC_FALSE='#'
am__fastdepCC_TRUE=''
am__include='include'
am__isrc=''
am__leading_dot='.'
am__nodep='_no'
am__quote=''
am__tar='tar --format=posix -chf - "$$tardir"'
am__untar='tar -xf -'
bindir='${exec_prefix}/bin'
build='x86_64-pc-linux-gnu'
build_alias=''
build_cpu='x86_64'
build_os='linux-gnu'
build_vendor='pc'
datadir='${datarootdir}'
datarootdir='${prefix}/share'
docdir='${datarootdir}/doc/${PACKAGE_TARNAME}'
dvidir='${docdir}'
enable_coverage=''
enable_dbus_run_session=''
enable_valgrind=''
exec_prefix='NONE'
host='x86_64-pc-linux-gnu'
host_alias=''
host_cpu='x86_64'
host_os='linux-gnu'
host_vendor='pc'
htmldir='${docdir}'
includedir='${prefix}/include'
infodir='${datarootdir}/info'
install_sh='${SHELL} /workspace/theia/PowerWheels/bluez-5.64/install-sh'
libdir='${exec_prefix}/lib'
libexecdir='${exec_prefix}/libexec'
localedir='${datarootdir}/locale'
localstatedir='/var'
mandir='/usr/share/man'
mkdir_p='$(MKDIR_P)'
oldincludedir='/usr/include'
pdfdir='${docdir}'
prefix='/usr'
program_transform_name='s,x,x,'
psdir='${docdir}'
runstatedir='${localstatedir}/run'
sbindir='${exec_prefix}/sbin'
sharedstatedir='${prefix}/com'
sysconfdir='/etc'
target_alias=''

## ----------- ##
## confdefs.h. ##
## ----------- ##

/* confdefs.h */
#define PACKAGE_NAME "bluez"
#define PACKAGE_TARNAME "bluez"
#define PACKAGE_VERSION "5.64"
#define PACKAGE_STRING "bluez 5.64"
#define PACKAGE_BUGREPORT ""
#define PACKAGE_URL ""
#define PACKAGE "bluez"
#define VERSION "5.64"
#define restrict __restrict
#define STDC_HEADERS 1
#define HAVE_SYS_TYPES_H 1
#define HAVE_SYS_STAT_H 1
#define HAVE_STDLIB_H 1
#define HAVE_STRING_H 1
#define HAVE_MEMORY_H 1
#define HAVE_STRINGS_H 1
#define HAVE_INTTYPES_H 1
#define HAVE_STDINT_H 1
#define HAVE_UNISTD_H 1
#define HAVE_DLFCN_H 1
#define LT_OBJDIR ".libs/"
#define HAVE_EXPLICIT_BZERO 1
#define HAVE_GETRANDOM 1
#define HAVE_RAWMEMCHR 1
#define HAVE_LINUX_TYPES_H 1
#define HAVE_LINUX_IF_ALG_H 1
#define HAVE_LINUX_UINPUT_H 1
#define HAVE_LINUX_UHID_H 1
#define HAVE_SYS_RANDOM_H 1

configure: exit 1
